[debug] [2021-10-07T01:43:23.197Z] ----------------------------------------------------------------------
[debug] [2021-10-07T01:43:23.199Z] Command:       /usr/local/bin/node /usr/local/bin/firebase init
[debug] [2021-10-07T01:43:23.199Z] CLI Version:   9.19.0
[debug] [2021-10-07T01:43:23.199Z] Platform:      darwin
[debug] [2021-10-07T01:43:23.199Z] Node Version:  v14.17.1
[debug] [2021-10-07T01:43:23.200Z] Time:          Thu Oct 07 2021 09:43:23 GMT+0800 (Philippine Standard Time)
[debug] [2021-10-07T01:43:23.200Z] ----------------------------------------------------------------------
[debug] 
[debug] [2021-10-07T01:43:23.239Z] > command requires scopes: ["email","openid","https://www.googleapis.com/auth/cloudplatformprojects.readonly","https://www.googleapis.com/auth/firebase","https://www.googleapis.com/auth/cloud-platform"]
[debug] [2021-10-07T01:43:23.240Z] > authorizing via signed-in user (jeromeburce44@gmail.com)
[info] 
     ######## #### ########  ######## ########     ###     ######  ########
     ##        ##  ##     ## ##       ##     ##  ##   ##  ##       ##
     ######    ##  ########  ######   ########  #########  ######  ######
     ##        ##  ##    ##  ##       ##     ## ##     ##       ## ##
     ##       #### ##     ## ######## ########  ##     ##  ######  ########

You're about to initialize a Firebase project in this directory:

  /Users/mismlhuillier/Desktop/jeromeburce

Before we get started, keep in mind:

  * You are initializing within an existing Firebase project directory

[info] 
=== Project Setup
[info] 
[info] First, let's associate this project directory with a Firebase project.
[info] You can create multiple project aliases by running firebase use --add, 
[info] but for now we'll just set up a default project.
[info] 
[info] i  .firebaserc already has a default project, using jeromeburce-44. 
[debug] [2021-10-07T01:43:28.413Z] >>> [apiv2][query] GET https://firebase.googleapis.com/v1beta1/projects/jeromeburce-44 [none]
[debug] [2021-10-07T01:43:29.070Z] <<< [apiv2][status] GET https://firebase.googleapis.com/v1beta1/projects/jeromeburce-44 200
[debug] [2021-10-07T01:43:29.070Z] <<< [apiv2][body] GET https://firebase.googleapis.com/v1beta1/projects/jeromeburce-44 {"projectId":"jeromeburce-44","projectNumber":"632474244672","displayName":"jeromeburce","name":"projects/jeromeburce-44","resources":{"hostingSite":"jeromeburce-44"},"state":"ACTIVE"}
[info] 
=== Hosting:github Setup
[info] 
[info] i  Detected a .git folder at /Users/mismlhuillier 
[info] i  Authorizing with GitHub to upload your service account to a GitHub repository's secrets store. 
[info] 
[info] Visit this URL on this device to log in:
[info] https://github.com/login/oauth/authorize?client_id=89cf50f02ac6aaed3484&state=647211605&redirect_uri=http%3A%2F%2Flocalhost%3A9005&scope=read%3Auser%20repo%20public_repo
[info] 
[info] Waiting for authentication...
[debug] [2021-10-07T01:43:59.867Z] >>> HTTP REQUEST POST https://github.com/login/oauth/access_token  
 {"client_id":"89cf50f02ac6aaed3484","client_secret":"3330d14abc895d9a74d5f17cd7a00711fa2c5bf0","code":"192c0e77d01e11207ac6","redirect_uri":"http://localhost:9005","state":"647211605"}
[debug] [2021-10-07T01:44:00.297Z] <<< HTTP RESPONSE 200 {"server":"GitHub.com","date":"Thu, 07 Oct 2021 01:44:00 GMT","content-type":"application/json; charset=utf-8","transfer-encoding":"chunked","vary":"X-PJAX, X-PJAX-Container, Accept-Encoding, Accept, X-Requested-With","permissions-policy":"interest-cohort=()","etag":"W/\"167ae70230978cf592ac3a5cfaddca46\"","cache-control":"max-age=0, private, must-revalidate","strict-transport-security":"max-age=31536000; includeSubdomains; preload","x-frame-options":"deny","x-content-type-options":"nosniff","x-xss-protection":"0","referrer-policy":"origin-when-cross-origin, strict-origin-when-cross-origin","expect-ct":"max-age=2592000, report-uri=\"https://api.github.com/_private/browser/errors\"","content-security-policy":"default-src 'none'; base-uri 'self'; block-all-mixed-content; child-src github.com/assets-cdn/worker/ gist.github.com/assets-cdn/worker/; connect-src 'self' uploads.github.com www.githubstatus.com collector.githubapp.com api.github.com github-cloud.s3.amazonaws.com github-production-repository-file-5c1aeb.s3.amazonaws.com github-production-upload-manifest-file-7fdce7.s3.amazonaws.com github-production-user-asset-6210df.s3.amazonaws.com cdn.optimizely.com logx.optimizely.com/v1/events translator.github.com wss://alive.github.com; font-src github.githubassets.com; form-action 'self' github.com gist.github.com; frame-ancestors 'none'; frame-src render.githubusercontent.com viewscreen.githubusercontent.com viewscreen-lab.githubusercontent.com; img-src 'self' data: github.githubassets.com identicons.github.com collector.githubapp.com github-cloud.s3.amazonaws.com secured-user-images.githubusercontent.com/ *.githubusercontent.com; manifest-src 'self'; media-src github.com user-images.githubusercontent.com/; script-src github.githubassets.com; style-src 'unsafe-inline' github.githubassets.com; worker-src github.com/assets-cdn/worker/ gist.github.com/assets-cdn/worker/ github.com/socket-worker-0af8a29d.js gist.github.com/socket-worker-0af8a29d.js","x-github-request-id":"CFFF:12E3:4CD8D:7D76C:615E50E0"}
[debug] [2021-10-07T01:44:00.299Z] >>> [apiv2][query] GET https://api.github.com/user [none]
[debug] [2021-10-07T01:44:00.913Z] <<< [apiv2][status] GET https://api.github.com/user 200
[debug] [2021-10-07T01:44:00.913Z] <<< [apiv2][body] GET https://api.github.com/user {"login":"JeromeBurce11","id":54094084,"node_id":"MDQ6VXNlcjU0MDk0MDg0","avatar_url":"https://avatars.githubusercontent.com/u/54094084?v=4","gravatar_id":"","url":"https://api.github.com/users/JeromeBurce11","html_url":"https://github.com/JeromeBurce11","followers_url":"https://api.github.com/users/JeromeBurce11/followers","following_url":"https://api.github.com/users/JeromeBurce11/following{/other_user}","gists_url":"https://api.github.com/users/JeromeBurce11/gists{/gist_id}","starred_url":"https://api.github.com/users/JeromeBurce11/starred{/owner}{/repo}","subscriptions_url":"https://api.github.com/users/JeromeBurce11/subscriptions","organizations_url":"https://api.github.com/users/JeromeBurce11/orgs","repos_url":"https://api.github.com/users/JeromeBurce11/repos","events_url":"https://api.github.com/users/JeromeBurce11/events{/privacy}","received_events_url":"https://api.github.com/users/JeromeBurce11/received_events","type":"User","site_admin":false,"name":"jb_live_","company":null,"blog":"","location":null,"email":null,"hireable":null,"bio":"Passerelles Numeriques Scholar","twitter_username":null,"public_repos":54,"public_gists":0,"followers":9,"following":9,"created_at":"2019-08-14T05:37:28Z","updated_at":"2021-08-09T07:16:39Z","private_gists":0,"total_private_repos":3,"owned_private_repos":3,"disk_usage":687409,"collaborators":0,"two_factor_authentication":false,"plan":{"name":"free","space":976562499,"collaborators":0,"private_repos":10000}}
[info] 
[info] ✔  Success! Logged into GitHub as JeromeBurce11 
[info] 
